[2024-09-19T08:31:32.323+0000] {local_task_job_runner.py:123} INFO - ::group::Pre task execution logs
[2024-09-19T08:31:32.348+0000] {taskinstance.py:2612} INFO - Dependencies all met for dep_context=non-requeueable deps ti=<TaskInstance: conditional_dataset_and_time_based_timetable.conditional_dataset_and_time_based_timetable scheduled__2024-09-18T01:00:00+00:00 [queued]>
[2024-09-19T08:31:32.361+0000] {taskinstance.py:2612} INFO - Dependencies all met for dep_context=requeueable deps ti=<TaskInstance: conditional_dataset_and_time_based_timetable.conditional_dataset_and_time_based_timetable scheduled__2024-09-18T01:00:00+00:00 [queued]>
[2024-09-19T08:31:32.362+0000] {taskinstance.py:2865} INFO - Starting attempt 1 of 1
[2024-09-19T08:31:32.379+0000] {taskinstance.py:2888} INFO - Executing <Task(BashOperator): conditional_dataset_and_time_based_timetable> on 2024-09-18 01:00:00+00:00
[2024-09-19T08:31:32.388+0000] {standard_task_runner.py:104} INFO - Running: ['***', 'tasks', 'run', 'conditional_dataset_and_time_based_timetable', 'conditional_dataset_and_time_based_timetable', 'scheduled__2024-09-18T01:00:00+00:00', '--job-id', '3', '--raw', '--subdir', '/home/***/.local/lib/python3.12/site-packages/***/example_dags/example_datasets.py', '--cfg-path', '/tmp/tmp5vkojq00']
[2024-09-19T08:31:32.390+0000] {standard_task_runner.py:105} INFO - Job 3: Subtask conditional_dataset_and_time_based_timetable
[2024-09-19T08:31:32.393+0000] {logging_mixin.py:190} WARNING - /home/***/.local/lib/python3.12/site-packages/***/task/task_runner/standard_task_runner.py:70 DeprecationWarning: This process (pid=4781) is multi-threaded, use of fork() may lead to deadlocks in the child.
[2024-09-19T08:31:32.394+0000] {standard_task_runner.py:72} INFO - Started process 4782 to run task
[2024-09-19T08:31:32.459+0000] {task_command.py:467} INFO - Running <TaskInstance: conditional_dataset_and_time_based_timetable.conditional_dataset_and_time_based_timetable scheduled__2024-09-18T01:00:00+00:00 [running]> on host f740cc133bee
[2024-09-19T08:31:32.553+0000] {taskinstance.py:3131} INFO - Exporting env vars: AIRFLOW_CTX_DAG_OWNER='***' AIRFLOW_CTX_DAG_ID='conditional_dataset_and_time_based_timetable' AIRFLOW_CTX_TASK_ID='conditional_dataset_and_time_based_timetable' AIRFLOW_CTX_EXECUTION_DATE='2024-09-18T01:00:00+00:00' AIRFLOW_CTX_TRY_NUMBER='1' AIRFLOW_CTX_DAG_RUN_ID='scheduled__2024-09-18T01:00:00+00:00'
[2024-09-19T08:31:32.555+0000] {logging_mixin.py:190} INFO - Task instance is in running state
[2024-09-19T08:31:32.556+0000] {logging_mixin.py:190} INFO -  Previous state of the Task instance: queued
[2024-09-19T08:31:32.557+0000] {logging_mixin.py:190} INFO - Current task name:conditional_dataset_and_time_based_timetable state:running start_date:2024-09-19 08:31:32.349052+00:00
[2024-09-19T08:31:32.557+0000] {logging_mixin.py:190} INFO - Dag name:conditional_dataset_and_time_based_timetable and current dag run status:running
[2024-09-19T08:31:32.558+0000] {taskinstance.py:731} INFO - ::endgroup::
[2024-09-19T08:31:32.560+0000] {subprocess.py:63} INFO - Tmp dir root location: /tmp
[2024-09-19T08:31:32.561+0000] {subprocess.py:75} INFO - Running command: ['/usr/bin/bash', '-c', 'sleep 5']
[2024-09-19T08:31:32.573+0000] {subprocess.py:86} INFO - Output:
[2024-09-19T08:31:37.581+0000] {subprocess.py:97} INFO - Command exited with return code 0
[2024-09-19T08:31:37.659+0000] {taskinstance.py:340} INFO - ::group::Post task execution logs
[2024-09-19T08:31:37.661+0000] {taskinstance.py:352} INFO - Marking task as SUCCESS. dag_id=conditional_dataset_and_time_based_timetable, task_id=conditional_dataset_and_time_based_timetable, run_id=scheduled__2024-09-18T01:00:00+00:00, execution_date=20240918T010000, start_date=20240919T083132, end_date=20240919T083137
[2024-09-19T08:31:37.747+0000] {logging_mixin.py:190} INFO - Task instance in success state
[2024-09-19T08:31:37.748+0000] {logging_mixin.py:190} INFO -  Previous state of the Task instance: running
[2024-09-19T08:31:37.749+0000] {logging_mixin.py:190} INFO - Dag name:conditional_dataset_and_time_based_timetable queued_at:2024-09-19 08:31:31.419963+00:00
[2024-09-19T08:31:37.750+0000] {logging_mixin.py:190} INFO - Task hostname:f740cc133bee operator:BashOperator
[2024-09-19T08:31:37.771+0000] {local_task_job_runner.py:266} INFO - Task exited with return code 0
[2024-09-19T08:31:37.821+0000] {taskinstance.py:3900} INFO - 0 downstream tasks scheduled from follow-on schedule check
[2024-09-19T08:31:37.837+0000] {local_task_job_runner.py:245} INFO - ::endgroup::
